{"C:\\Project\\webpack-react-todo\\src\\Content.tsx": {"path":"C:\\Project\\webpack-react-todo\\src\\Content.tsx","statementMap":{"0":{"start":{"line":1,"column":0},"end":{"line":1,"column":26}},"1":{"start":{"line":2,"column":0},"end":{"line":2,"column":49}},"2":{"start":{"line":3,"column":0},"end":{"line":3,"column":49}},"3":{"start":{"line":4,"column":0},"end":{"line":4,"column":43}},"4":{"start":{"line":6,"column":0},"end":{"line":6,"column":25}},"5":{"start":{"line":7,"column":0},"end":{"line":7,"column":46}},"6":{"start":{"line":9,"column":13},"end":{"line":18,"column":2}},"7":{"start":{"line":10,"column":2},"end":{"line":16,"column":null}},"8":{"start":{"line":14,"column":8},"end":{"line":14,"column":77}}},"fnMap":{"0":{"name":"(anonymous_1)","decl":{"start":{"line":9,"column":23},"end":{"line":9,"column":26}},"loc":{"start":{"line":10,"column":2},"end":{"line":16,"column":null}}},"1":{"name":"(anonymous_2)","decl":{"start":{"line":13,"column":23},"end":{"line":13,"column":24}},"loc":{"start":{"line":14,"column":8},"end":{"line":14,"column":77}}}},"branchMap":{},"s":{"0":0,"1":0,"2":0,"3":0,"4":0,"5":0,"6":0,"7":0,"8":0},"f":{"0":0,"1":0},"b":{}}
,"C:\\Project\\webpack-react-todo\\src\\index.tsx": {"path":"C:\\Project\\webpack-react-todo\\src\\index.tsx","statementMap":{"0":{"start":{"line":1,"column":0},"end":{"line":1,"column":26}},"1":{"start":{"line":2,"column":0},"end":{"line":2,"column":33}},"2":{"start":{"line":3,"column":0},"end":{"line":3,"column":36}},"3":{"start":{"line":5,"column":0},"end":{"line":5,"column":62}}},"fnMap":{},"branchMap":{},"s":{"0":0,"1":0,"2":0,"3":0},"f":{},"b":{}}
,"C:\\Project\\webpack-react-todo\\src\\components\\Todo\\Todo.tsx": {"path":"C:\\Project\\webpack-react-todo\\src\\components\\Todo\\Todo.tsx","statementMap":{"0":{"start":{"line":1,"column":0},"end":{"line":1,"column":40}},"1":{"start":{"line":2,"column":0},"end":{"line":2,"column":45}},"2":{"start":{"line":3,"column":0},"end":{"line":3,"column":35}},"3":{"start":{"line":4,"column":0},"end":{"line":4,"column":32}},"4":{"start":{"line":5,"column":0},"end":{"line":5,"column":41}},"5":{"start":{"line":8,"column":26},"end":{"line":14,"column":4}},"6":{"start":{"line":16,"column":24},"end":{"line":16,"column":45}},"7":{"start":{"line":17,"column":48},"end":{"line":17,"column":63}},"8":{"start":{"line":18,"column":52},"end":{"line":18,"column":66}},"9":{"start":{"line":20,"column":24},"end":{"line":27,"column":3}},"10":{"start":{"line":21,"column":20},"end":{"line":24,"column":6}},"11":{"start":{"line":26,"column":4},"end":{"line":26,"column":21}},"12":{"start":{"line":29,"column":26},"end":{"line":35,"column":3}},"13":{"start":{"line":30,"column":24},"end":{"line":30,"column":33}},"14":{"start":{"line":31,"column":18},"end":{"line":31,"column":59}},"15":{"start":{"line":31,"column":46},"end":{"line":31,"column":58}},"16":{"start":{"line":32,"column":4},"end":{"line":32,"column":65}},"17":{"start":{"line":34,"column":4},"end":{"line":34,"column":25}},"18":{"start":{"line":37,"column":24},"end":{"line":38,"column":48}},"19":{"start":{"line":38,"column":4},"end":{"line":38,"column":48}},"20":{"start":{"line":38,"column":32},"end":{"line":38,"column":46}},"21":{"start":{"line":40,"column":39},"end":{"line":43,"column":3}},"22":{"start":{"line":41,"column":4},"end":{"line":41,"column":29}},"23":{"start":{"line":42,"column":4},"end":{"line":42,"column":32}},"24":{"start":{"line":45,"column":41},"end":{"line":48,"column":3}},"25":{"start":{"line":46,"column":4},"end":{"line":46,"column":30}},"26":{"start":{"line":47,"column":4},"end":{"line":47,"column":31}},"27":{"start":{"line":50,"column":25},"end":{"line":62,"column":3}},"28":{"start":{"line":51,"column":21},"end":{"line":51,"column":23}},"29":{"start":{"line":53,"column":4},"end":{"line":59,"column":null}},"30":{"start":{"line":54,"column":6},"end":{"line":54,"column":64}},"31":{"start":{"line":54,"column":39},"end":{"line":54,"column":62}},"32":{"start":{"line":55,"column":11},"end":{"line":59,"column":null}},"33":{"start":{"line":56,"column":6},"end":{"line":56,"column":65}},"34":{"start":{"line":56,"column":39},"end":{"line":56,"column":63}},"35":{"start":{"line":58,"column":6},"end":{"line":58,"column":29}},"36":{"start":{"line":61,"column":4},"end":{"line":61,"column":22}},"37":{"start":{"line":64,"column":2},"end":{"line":81,"column":4}},"38":{"start":{"line":70,"column":37},"end":{"line":70,"column":56}},"39":{"start":{"line":71,"column":35},"end":{"line":71,"column":52}},"40":{"start":{"line":7,"column":0},"end":{"line":7,"column":null}}},"fnMap":{"0":{"name":"default_1","decl":{"start":{"line":7,"column":0},"end":{"line":7,"column":null}},"loc":{"start":{"line":7,"column":0},"end":{"line":82,"column":1}}},"1":{"name":"(anonymous_2)","decl":{"start":{"line":20,"column":24},"end":{"line":20,"column":25}},"loc":{"start":{"line":20,"column":42},"end":{"line":27,"column":3}}},"2":{"name":"(anonymous_3)","decl":{"start":{"line":29,"column":26},"end":{"line":29,"column":27}},"loc":{"start":{"line":29,"column":41},"end":{"line":35,"column":3}}},"3":{"name":"(anonymous_4)","decl":{"start":{"line":31,"column":40},"end":{"line":31,"column":42}},"loc":{"start":{"line":31,"column":46},"end":{"line":31,"column":58}}},"4":{"name":"(anonymous_5)","decl":{"start":{"line":37,"column":24},"end":{"line":37,"column":25}},"loc":{"start":{"line":38,"column":4},"end":{"line":38,"column":48}}},"5":{"name":"(anonymous_6)","decl":{"start":{"line":38,"column":24},"end":{"line":38,"column":28}},"loc":{"start":{"line":38,"column":32},"end":{"line":38,"column":46}}},"6":{"name":"(anonymous_7)","decl":{"start":{"line":40,"column":39},"end":{"line":40,"column":42}},"loc":{"start":{"line":40,"column":44},"end":{"line":43,"column":3}}},"7":{"name":"(anonymous_8)","decl":{"start":{"line":45,"column":41},"end":{"line":45,"column":44}},"loc":{"start":{"line":45,"column":46},"end":{"line":48,"column":3}}},"8":{"name":"(anonymous_9)","decl":{"start":{"line":50,"column":25},"end":{"line":50,"column":28}},"loc":{"start":{"line":50,"column":30},"end":{"line":62,"column":3}}},"9":{"name":"(anonymous_10)","decl":{"start":{"line":54,"column":31},"end":{"line":54,"column":35}},"loc":{"start":{"line":54,"column":39},"end":{"line":54,"column":62}}},"10":{"name":"(anonymous_11)","decl":{"start":{"line":56,"column":31},"end":{"line":56,"column":35}},"loc":{"start":{"line":56,"column":39},"end":{"line":56,"column":63}}},"11":{"name":"(anonymous_12)","decl":{"start":{"line":70,"column":21},"end":{"line":70,"column":22}},"loc":{"start":{"line":70,"column":37},"end":{"line":70,"column":56}}},"12":{"name":"(anonymous_13)","decl":{"start":{"line":71,"column":19},"end":{"line":71,"column":20}},"loc":{"start":{"line":71,"column":35},"end":{"line":71,"column":52}}}},"branchMap":{"0":{"loc":{"start":{"line":53,"column":4},"end":{"line":59,"column":null}},"type":"if","locations":[{"start":{"line":53,"column":4},"end":{"line":59,"column":null}},{"start":{"line":53,"column":4},"end":{"line":59,"column":null}}]},"1":{"loc":{"start":{"line":55,"column":11},"end":{"line":59,"column":null}},"type":"if","locations":[{"start":{"line":55,"column":11},"end":{"line":59,"column":null}},{"start":{"line":55,"column":11},"end":{"line":59,"column":null}}]}},"s":{"0":0,"1":0,"2":0,"3":0,"4":0,"5":0,"6":0,"7":0,"8":0,"9":0,"10":0,"11":0,"12":0,"13":0,"14":0,"15":0,"16":0,"17":0,"18":0,"19":0,"20":0,"21":0,"22":0,"23":0,"24":0,"25":0,"26":0,"27":0,"28":0,"29":0,"30":0,"31":0,"32":0,"33":0,"34":0,"35":0,"36":0,"37":0,"38":0,"39":0,"40":0},"f":{"0":0,"1":0,"2":0,"3":0,"4":0,"5":0,"6":0,"7":0,"8":0,"9":0,"10":0,"11":0,"12":0},"b":{"0":[0,0],"1":[0,0]}}
,"C:\\Project\\webpack-react-todo\\src\\components\\Todo\\utils.tsx": {"path":"C:\\Project\\webpack-react-todo\\src\\components\\Todo\\utils.tsx","statementMap":{"0":{"start":{"line":1,"column":13},"end":{"line":1,"column":71}},"1":{"start":{"line":1,"column":38},"end":{"line":1,"column":70}}},"fnMap":{"0":{"name":"(anonymous_0)","decl":{"start":{"line":1,"column":21},"end":{"line":1,"column":22}},"loc":{"start":{"line":1,"column":38},"end":{"line":1,"column":70}}}},"branchMap":{},"s":{"0":0,"1":0},"f":{"0":0},"b":{}}
,"C:\\Project\\webpack-react-todo\\src\\components\\Todo\\add-form\\AddForm.tsx": {"path":"C:\\Project\\webpack-react-todo\\src\\components\\Todo\\add-form\\AddForm.tsx","statementMap":{"0":{"start":{"line":1,"column":0},"end":{"line":1,"column":40}},"1":{"start":{"line":7,"column":13},"end":{"line":35,"column":2}},"2":{"start":{"line":8,"column":38},"end":{"line":8,"column":50}},"3":{"start":{"line":10,"column":24},"end":{"line":19,"column":3}},"4":{"start":{"line":11,"column":4},"end":{"line":18,"column":null}},"5":{"start":{"line":12,"column":6},"end":{"line":12,"column":25}},"6":{"start":{"line":14,"column":6},"end":{"line":17,"column":null}},"7":{"start":{"line":15,"column":8},"end":{"line":15,"column":26}},"8":{"start":{"line":16,"column":8},"end":{"line":16,"column":26}},"9":{"start":{"line":21,"column":2},"end":{"line":34,"column":4}},"10":{"start":{"line":26,"column":10},"end":{"line":26,"column":46}}},"fnMap":{"0":{"name":"(anonymous_1)","decl":{"start":{"line":7,"column":41},"end":{"line":7,"column":42}},"loc":{"start":{"line":7,"column":55},"end":{"line":35,"column":1}}},"1":{"name":"(anonymous_2)","decl":{"start":{"line":10,"column":24},"end":{"line":10,"column":25}},"loc":{"start":{"line":10,"column":69},"end":{"line":19,"column":3}}},"2":{"name":"(anonymous_3)","decl":{"start":{"line":25,"column":18},"end":{"line":25,"column":19}},"loc":{"start":{"line":26,"column":10},"end":{"line":26,"column":46}}}},"branchMap":{"0":{"loc":{"start":{"line":11,"column":4},"end":{"line":18,"column":null}},"type":"if","locations":[{"start":{"line":11,"column":4},"end":{"line":18,"column":null}},{"start":{"line":11,"column":4},"end":{"line":18,"column":null}}]},"1":{"loc":{"start":{"line":14,"column":6},"end":{"line":17,"column":null}},"type":"if","locations":[{"start":{"line":14,"column":6},"end":{"line":17,"column":null}},{"start":{"line":14,"column":6},"end":{"line":17,"column":null}}]}},"s":{"0":0,"1":0,"2":0,"3":0,"4":0,"5":0,"6":0,"7":0,"8":0,"9":0,"10":0},"f":{"0":0,"1":0,"2":0},"b":{"0":[0,0],"1":[0,0]}}
,"C:\\Project\\webpack-react-todo\\src\\components\\Todo\\buttons-todo\\ButtonsTodo.tsx": {"path":"C:\\Project\\webpack-react-todo\\src\\components\\Todo\\buttons-todo\\ButtonsTodo.tsx","statementMap":{"0":{"start":{"line":1,"column":0},"end":{"line":1,"column":26}},"1":{"start":{"line":2,"column":0},"end":{"line":2,"column":52}},"2":{"start":{"line":12,"column":13},"end":{"line":29,"column":2}},"3":{"start":{"line":19,"column":2},"end":{"line":27,"column":null}},"4":{"start":{"line":23,"column":22},"end":{"line":23,"column":37}},"5":{"start":{"line":27,"column":27},"end":{"line":27,"column":40}}},"fnMap":{"0":{"name":"(anonymous_1)","decl":{"start":{"line":12,"column":49},"end":{"line":12,"column":50}},"loc":{"start":{"line":19,"column":2},"end":{"line":27,"column":null}}},"1":{"name":"(anonymous_2)","decl":{"start":{"line":23,"column":16},"end":{"line":23,"column":19}},"loc":{"start":{"line":23,"column":22},"end":{"line":23,"column":37}}},"2":{"name":"(anonymous_3)","decl":{"start":{"line":27,"column":21},"end":{"line":27,"column":24}},"loc":{"start":{"line":27,"column":27},"end":{"line":27,"column":40}}}},"branchMap":{},"s":{"0":0,"1":0,"2":0,"3":0,"4":0,"5":0},"f":{"0":0,"1":0,"2":0},"b":{}}
,"C:\\Project\\webpack-react-todo\\src\\components\\Todo\\count\\Count.tsx": {"path":"C:\\Project\\webpack-react-todo\\src\\components\\Todo\\count\\Count.tsx","statementMap":{"0":{"start":{"line":1,"column":0},"end":{"line":1,"column":26}},"1":{"start":{"line":7,"column":13},"end":{"line":9,"column":2}},"2":{"start":{"line":8,"column":2},"end":{"line":8,"column":null}}},"fnMap":{"0":{"name":"(anonymous_1)","decl":{"start":{"line":7,"column":39},"end":{"line":7,"column":40}},"loc":{"start":{"line":8,"column":2},"end":{"line":8,"column":null}}}},"branchMap":{},"s":{"0":0,"1":0,"2":0},"f":{"0":0},"b":{}}
,"C:\\Project\\webpack-react-todo\\src\\components\\Todo\\filters\\Filters.tsx": {"path":"C:\\Project\\webpack-react-todo\\src\\components\\Todo\\filters\\Filters.tsx","statementMap":{"0":{"start":{"line":1,"column":0},"end":{"line":1,"column":26}},"1":{"start":{"line":2,"column":0},"end":{"line":2,"column":52}},"2":{"start":{"line":11,"column":13},"end":{"line":40,"column":2}},"3":{"start":{"line":17,"column":27},"end":{"line":19,"column":21}},"4":{"start":{"line":20,"column":29},"end":{"line":22,"column":21}},"5":{"start":{"line":24,"column":2},"end":{"line":39,"column":4}}},"fnMap":{"0":{"name":"(anonymous_1)","decl":{"start":{"line":11,"column":41},"end":{"line":11,"column":42}},"loc":{"start":{"line":16,"column":5},"end":{"line":40,"column":1}}}},"branchMap":{"0":{"loc":{"start":{"line":18,"column":6},"end":{"line":18,"column":28}},"type":"cond-expr","locations":[{"start":{"line":18,"column":6},"end":{"line":18,"column":28}},{"start":{"line":19,"column":6},"end":{"line":19,"column":21}}]},"1":{"loc":{"start":{"line":21,"column":6},"end":{"line":21,"column":28}},"type":"cond-expr","locations":[{"start":{"line":21,"column":6},"end":{"line":21,"column":28}},{"start":{"line":22,"column":6},"end":{"line":22,"column":21}}]}},"s":{"0":0,"1":0,"2":0,"3":0,"4":0,"5":0},"f":{"0":0},"b":{"0":[0,0],"1":[0,0]}}
,"C:\\Project\\webpack-react-todo\\src\\components\\Todo\\footer\\Footer.tsx": {"path":"C:\\Project\\webpack-react-todo\\src\\components\\Todo\\footer\\Footer.tsx","statementMap":{"0":{"start":{"line":1,"column":0},"end":{"line":1,"column":26}},"1":{"start":{"line":2,"column":0},"end":{"line":2,"column":39}},"2":{"start":{"line":13,"column":13},"end":{"line":20,"column":2}},"3":{"start":{"line":13,"column":48},"end":{"line":13,"column":50}},"4":{"start":{"line":13,"column":50},"end":{"line":13,"column":58}},"5":{"start":{"line":13,"column":65},"end":{"line":20,"column":2}}},"fnMap":{"0":{"name":"(anonymous_2)","decl":{"start":{"line":13,"column":40},"end":{"line":13,"column":41}},"loc":{"start":{"line":13,"column":64},"end":{"line":20,"column":2}}}},"branchMap":{},"s":{"0":0,"1":0,"2":0,"3":0,"4":0,"5":0},"f":{"0":0},"b":{}}
,"C:\\Project\\webpack-react-todo\\src\\components\\Todo\\list\\List.tsx": {"path":"C:\\Project\\webpack-react-todo\\src\\components\\Todo\\list\\List.tsx","statementMap":{"0":{"start":{"line":1,"column":0},"end":{"line":1,"column":26}},"1":{"start":{"line":2,"column":0},"end":{"line":2,"column":58}},"2":{"start":{"line":11,"column":13},"end":{"line":28,"column":2}},"3":{"start":{"line":17,"column":2},"end":{"line":26,"column":null}},"4":{"start":{"line":19,"column":6},"end":{"line":24,"column":null}}},"fnMap":{"0":{"name":"(anonymous_1)","decl":{"start":{"line":11,"column":38},"end":{"line":11,"column":39}},"loc":{"start":{"line":17,"column":2},"end":{"line":26,"column":null}}},"1":{"name":"(anonymous_2)","decl":{"start":{"line":18,"column":15},"end":{"line":18,"column":16}},"loc":{"start":{"line":19,"column":6},"end":{"line":24,"column":null}}}},"branchMap":{},"s":{"0":0,"1":0,"2":0,"3":0,"4":0},"f":{"0":0,"1":0},"b":{}}
,"C:\\Project\\webpack-react-todo\\src\\components\\common\\button\\Button.tsx": {"path":"C:\\Project\\webpack-react-todo\\src\\components\\common\\button\\Button.tsx","statementMap":{"0":{"start":{"line":1,"column":0},"end":{"line":1,"column":26}},"1":{"start":{"line":9,"column":13},"end":{"line":11,"column":2}},"2":{"start":{"line":10,"column":2},"end":{"line":10,"column":53}}},"fnMap":{"0":{"name":"(anonymous_1)","decl":{"start":{"line":9,"column":40},"end":{"line":9,"column":41}},"loc":{"start":{"line":10,"column":2},"end":{"line":10,"column":53}}}},"branchMap":{},"s":{"0":1,"1":1,"2":1},"f":{"0":1},"b":{}}
,"C:\\Project\\webpack-react-todo\\src\\components\\home-page\\HomePage.tsx": {"path":"C:\\Project\\webpack-react-todo\\src\\components\\home-page\\HomePage.tsx","statementMap":{"0":{"start":{"line":1,"column":0},"end":{"line":1,"column":26}},"1":{"start":{"line":4,"column":2},"end":{"line":8,"column":4}},"2":{"start":{"line":3,"column":0},"end":{"line":3,"column":null}}},"fnMap":{"0":{"name":"default_1","decl":{"start":{"line":3,"column":0},"end":{"line":3,"column":null}},"loc":{"start":{"line":3,"column":0},"end":{"line":9,"column":1}}}},"branchMap":{},"s":{"0":0,"1":0,"2":0},"f":{"0":0},"b":{}}
,"C:\\Project\\webpack-react-todo\\src\\components\\input\\Input.tsx": {"path":"C:\\Project\\webpack-react-todo\\src\\components\\input\\Input.tsx","statementMap":{"0":{"start":{"line":1,"column":0},"end":{"line":1,"column":51}},"1":{"start":{"line":4,"column":42},"end":{"line":4,"column":53}},"2":{"start":{"line":5,"column":42},"end":{"line":5,"column":54}},"3":{"start":{"line":6,"column":42},"end":{"line":6,"column":57}},"4":{"start":{"line":7,"column":36},"end":{"line":7,"column":51}},"5":{"start":{"line":9,"column":26},"end":{"line":9,"column":46}},"6":{"start":{"line":10,"column":27},"end":{"line":10,"column":36}},"7":{"start":{"line":12,"column":19},"end":{"line":22,"column":3}},"8":{"start":{"line":13,"column":22},"end":{"line":13,"column":30}},"9":{"start":{"line":15,"column":4},"end":{"line":21,"column":null}},"10":{"start":{"line":16,"column":6},"end":{"line":16,"column":28}},"11":{"start":{"line":17,"column":6},"end":{"line":17,"column":40}},"12":{"start":{"line":19,"column":6},"end":{"line":19,"column":27}},"13":{"start":{"line":20,"column":6},"end":{"line":20,"column":29}},"14":{"start":{"line":24,"column":21},"end":{"line":25,"column":79}},"15":{"start":{"line":25,"column":4},"end":{"line":25,"column":79}},"16":{"start":{"line":27,"column":26},"end":{"line":28,"column":34}},"17":{"start":{"line":28,"column":4},"end":{"line":28,"column":34}},"18":{"start":{"line":30,"column":2},"end":{"line":33,"column":24}},"19":{"start":{"line":31,"column":4},"end":{"line":31,"column":17}},"20":{"start":{"line":32,"column":4},"end":{"line":32,"column":30}},"21":{"start":{"line":32,"column":17},"end":{"line":32,"column":29}},"22":{"start":{"line":35,"column":2},"end":{"line":61,"column":4}},"23":{"start":{"line":55,"column":10},"end":{"line":55,"column":28}},"24":{"start":{"line":3,"column":0},"end":{"line":3,"column":null}}},"fnMap":{"0":{"name":"default_1","decl":{"start":{"line":3,"column":0},"end":{"line":3,"column":null}},"loc":{"start":{"line":3,"column":0},"end":{"line":62,"column":1}}},"1":{"name":"(anonymous_2)","decl":{"start":{"line":12,"column":19},"end":{"line":12,"column":20}},"loc":{"start":{"line":12,"column":63},"end":{"line":22,"column":3}}},"2":{"name":"(anonymous_3)","decl":{"start":{"line":24,"column":21},"end":{"line":24,"column":24}},"loc":{"start":{"line":25,"column":4},"end":{"line":25,"column":79}}},"3":{"name":"(anonymous_4)","decl":{"start":{"line":27,"column":26},"end":{"line":27,"column":27}},"loc":{"start":{"line":28,"column":4},"end":{"line":28,"column":34}}},"4":{"name":"(anonymous_5)","decl":{"start":{"line":30,"column":12},"end":{"line":30,"column":15}},"loc":{"start":{"line":30,"column":17},"end":{"line":33,"column":3}}},"5":{"name":"(anonymous_6)","decl":{"start":{"line":32,"column":11},"end":{"line":32,"column":14}},"loc":{"start":{"line":32,"column":17},"end":{"line":32,"column":29}}},"6":{"name":"(anonymous_7)","decl":{"start":{"line":54,"column":18},"end":{"line":54,"column":19}},"loc":{"start":{"line":55,"column":10},"end":{"line":55,"column":28}}}},"branchMap":{"0":{"loc":{"start":{"line":15,"column":4},"end":{"line":21,"column":null}},"type":"if","locations":[{"start":{"line":15,"column":4},"end":{"line":21,"column":null}},{"start":{"line":15,"column":4},"end":{"line":21,"column":null}}]},"1":{"loc":{"start":{"line":47,"column":21},"end":{"line":47,"column":38}},"type":"cond-expr","locations":[{"start":{"line":47,"column":21},"end":{"line":47,"column":38}},{"start":{"line":47,"column":41},"end":{"line":47,"column":56}}]},"2":{"loc":{"start":{"line":59,"column":12},"end":{"line":59,"column":24}},"type":"binary-expr","locations":[{"start":{"line":59,"column":12},"end":{"line":59,"column":24}},{"start":{"line":59,"column":28},"end":{"line":59,"column":64}}]}},"s":{"0":0,"1":0,"2":0,"3":0,"4":0,"5":0,"6":0,"7":0,"8":0,"9":0,"10":0,"11":0,"12":0,"13":0,"14":0,"15":0,"16":0,"17":0,"18":0,"19":0,"20":0,"21":0,"22":0,"23":0,"24":0},"f":{"0":0,"1":0,"2":0,"3":0,"4":0,"5":0,"6":0},"b":{"0":[0,0],"1":[0,0],"2":[0,0]}}
,"C:\\Project\\webpack-react-todo\\src\\components\\nav\\Nav.tsx": {"path":"C:\\Project\\webpack-react-todo\\src\\components\\nav\\Nav.tsx","statementMap":{"0":{"start":{"line":1,"column":0},"end":{"line":1,"column":26}},"1":{"start":{"line":2,"column":0},"end":{"line":2,"column":40}},"2":{"start":{"line":4,"column":13},"end":{"line":12,"column":2}},"3":{"start":{"line":5,"column":2},"end":{"line":10,"column":null}}},"fnMap":{"0":{"name":"(anonymous_1)","decl":{"start":{"line":4,"column":19},"end":{"line":4,"column":22}},"loc":{"start":{"line":5,"column":2},"end":{"line":10,"column":null}}}},"branchMap":{},"s":{"0":0,"1":0,"2":0,"3":0},"f":{"0":0},"b":{}}
,"C:\\Project\\webpack-react-todo\\src\\components\\not-found\\NotFound.tsx": {"path":"C:\\Project\\webpack-react-todo\\src\\components\\not-found\\NotFound.tsx","statementMap":{"0":{"start":{"line":1,"column":0},"end":{"line":1,"column":26}},"1":{"start":{"line":3,"column":13},"end":{"line":3,"column":49}},"2":{"start":{"line":3,"column":30},"end":{"line":3,"column":48}}},"fnMap":{"0":{"name":"(anonymous_1)","decl":{"start":{"line":3,"column":24},"end":{"line":3,"column":27}},"loc":{"start":{"line":3,"column":30},"end":{"line":3,"column":48}}}},"branchMap":{},"s":{"0":0,"1":0,"2":0},"f":{"0":0},"b":{}}
,"C:\\Project\\webpack-react-todo\\src\\static\\Routes.tsx": {"path":"C:\\Project\\webpack-react-todo\\src\\static\\Routes.tsx","statementMap":{"0":{"start":{"line":1,"column":0},"end":{"line":1,"column":56}},"1":{"start":{"line":2,"column":0},"end":{"line":2,"column":45}},"2":{"start":{"line":3,"column":0},"end":{"line":3,"column":46}},"3":{"start":{"line":5,"column":0},"end":{"line":5,"column":60}},"4":{"start":{"line":7,"column":13},"end":{"line":12,"column":2}}},"fnMap":{},"branchMap":{},"s":{"0":0,"1":0,"2":0,"3":0,"4":0},"f":{},"b":{}}
}
